<?xml version="1.0" encoding="UTF-8"?>
<robot generator="Robot 6.1.1 (Python 3.11.1 on win32)" generated="20231219 11:58:33.590" rpa="false" schemaversion="4">
<suite id="s1" name="TestSitePractice" source="c:\Users\MarcusViniciusCarval\Desktop\pdirobot\testeRobot\CursoUdemyRobotAvançado\seção 5 WEB testing avançado\SuiteSiteTestePracticePO\SuiteSiteTestePracticePO\tests\TestSitePractice.robot">
<test id="s1-t1" name="Caso de Teste com PO 02: Adicionar Cliente" line="17">
<kw name="Abrir navegador" library="Resource" type="SETUP">
<kw name="Open Browser" library="SeleniumLibrary">
<arg>about:blank</arg>
<arg>${BROWSER}</arg>
<doc>Opens a new browser instance to the optional ``url``.</doc>
<msg timestamp="20231219 11:58:34.033" level="INFO">Opening browser 'chrome' to base url 'about:blank'.</msg>
<status status="PASS" starttime="20231219 11:58:34.033" endtime="20231219 11:58:36.356"/>
</kw>
<status status="PASS" starttime="20231219 11:58:34.033" endtime="20231219 11:58:36.356"/>
</kw>
<kw name="Acessar a página home do site" library="Home">
<kw name="Go To" library="SeleniumLibrary">
<arg>${HOME_URL}</arg>
<doc>Navigates the current browser window to the provided ``url``.</doc>
<msg timestamp="20231219 11:58:36.356" level="INFO">Opening url 'http://automationpractice.com'</msg>
<status status="PASS" starttime="20231219 11:58:36.356" endtime="20231219 11:58:37.070"/>
</kw>
<kw name="Wait Until Element Is Visible" library="SeleniumLibrary">
<arg>${HOME_TOPMENU}</arg>
<doc>Waits until the element ``locator`` is visible.</doc>
<msg timestamp="20231219 11:58:42.186" level="INFO" html="true">&lt;/td&gt;&lt;/tr&gt;&lt;tr&gt;&lt;td colspan="3"&gt;&lt;a href="selenium-screenshot-2.png"&gt;&lt;img src="selenium-screenshot-2.png" width="800px"&gt;&lt;/a&gt;</msg>
<msg timestamp="20231219 11:58:42.186" level="FAIL">Element 'xpath=//*[@id="block_top_menu"]/ul' not visible after 5 seconds.</msg>
<status status="FAIL" starttime="20231219 11:58:37.070" endtime="20231219 11:58:42.201"/>
</kw>
<kw name="Title Should Be" library="SeleniumLibrary">
<arg>${HOME_TITLE}</arg>
<doc>Verifies that the current page title equals ``title``.</doc>
<status status="NOT RUN" starttime="20231219 11:58:42.201" endtime="20231219 11:58:42.201"/>
</kw>
<status status="FAIL" starttime="20231219 11:58:36.356" endtime="20231219 11:58:42.201"/>
</kw>
<kw name="Clicar em &quot;Sign in&quot;" library="Login">
<status status="NOT RUN" starttime="20231219 11:58:42.201" endtime="20231219 11:58:42.201"/>
</kw>
<kw name="Informar um e-mail válido" library="Login">
<status status="NOT RUN" starttime="20231219 11:58:42.214" endtime="20231219 11:58:42.214"/>
</kw>
<kw name="Clicar em &quot;Create an account&quot;" library="Login">
<status status="NOT RUN" starttime="20231219 11:58:42.215" endtime="20231219 11:58:42.217"/>
</kw>
<kw name="Preencher os dados obrigatórios" library="Login">
<status status="NOT RUN" starttime="20231219 11:58:42.219" endtime="20231219 11:58:42.220"/>
</kw>
<kw name="Submeter cadastro" library="Login">
<status status="NOT RUN" starttime="20231219 11:58:42.220" endtime="20231219 11:58:42.221"/>
</kw>
<kw name="Conferir se o cadastro foi efetuado com sucesso" library="Login">
<status status="NOT RUN" starttime="20231219 11:58:42.221" endtime="20231219 11:58:42.222"/>
</kw>
<kw name="Fechar navegador" library="Resource" type="TEARDOWN">
<kw name="Close Browser" library="SeleniumLibrary">
<doc>Closes the current browser.</doc>
<status status="PASS" starttime="20231219 11:58:42.223" endtime="20231219 11:58:44.580"/>
</kw>
<status status="PASS" starttime="20231219 11:58:42.222" endtime="20231219 11:58:44.580"/>
</kw>
<status status="FAIL" starttime="20231219 11:58:34.033" endtime="20231219 11:58:44.580">Element 'xpath=//*[@id="block_top_menu"]/ul' not visible after 5 seconds.</status>
</test>
<status status="FAIL" starttime="20231219 11:58:33.609" endtime="20231219 11:58:44.587"/>
</suite>
<statistics>
<total>
<stat pass="0" fail="1" skip="0">All Tests</stat>
</total>
<tag>
</tag>
<suite>
<stat pass="0" fail="1" skip="0" id="s1" name="TestSitePractice">TestSitePractice</stat>
</suite>
</statistics>
<errors>
</errors>
</robot>
