<?xml version="1.0" encoding="UTF-8"?>
<robot generator="Robot 6.0.2 (Python 3.11.1 on win32)" generated="20230609 18:15:51.269" rpa="false" schemaversion="3">
<suite id="s1" name="argumentosRetornos" source="C:\Users\MarcusViniciusCarval\Desktop\pdirobot\testeRobot\CursodaUdemy\Robotframework\TrabalhandoListas\argumentosRetornos.robot">
<test id="s1-t1" name="Cenario 01- gerando um e-mail customizado" line="10">
<kw name="criando o e-mails">
<kw name="dados do usuario">
<arg>Marcus</arg>
<arg>Vinicius</arg>
<kw name="Numerify" library="FakerLibrary">
<var>${palavra_aleatoria}</var>
<arg>text=#####</arg>
<doc>Generate a string with each placeholder in ``text`` replaced according
to the following rules:</doc>
<msg timestamp="20230609 18:15:52.079" level="INFO">${palavra_aleatoria} = 04290</msg>
<status status="PASS" starttime="20230609 18:15:52.079" endtime="20230609 18:15:52.079"/>
</kw>
<kw name="Log" library="BuiltIn">
<arg>message=${nome}${sobrenome}${palavra_aleatoria}"@testerobot.com"</arg>
<doc>Logs the given message with the given level.</doc>
<msg timestamp="20230609 18:15:52.080" level="INFO">MarcusVinicius04290"@testerobot.com"</msg>
<status status="PASS" starttime="20230609 18:15:52.079" endtime="20230609 18:15:52.080"/>
</kw>
<status status="PASS" starttime="20230609 18:15:52.079" endtime="20230609 18:15:52.080"/>
</kw>
<status status="PASS" starttime="20230609 18:15:52.078" endtime="20230609 18:15:52.080"/>
</kw>
<tag>customização_de_email</tag>
<tag>e-mail</tag>
<status status="PASS" starttime="20230609 18:15:52.078" endtime="20230609 18:15:52.082"/>
</test>
<status status="PASS" starttime="20230609 18:15:51.269" endtime="20230609 18:15:52.085"/>
</suite>
<statistics>
<total>
<stat pass="1" fail="0" skip="0">All Tests</stat>
</total>
<tag>
<stat pass="1" fail="0" skip="0">customização_de_email</stat>
<stat pass="1" fail="0" skip="0">e-mail</stat>
</tag>
<suite>
<stat pass="1" fail="0" skip="0" id="s1" name="argumentosRetornos">argumentosRetornos</stat>
</suite>
</statistics>
<errors>
</errors>
</robot>
