<?xml version="1.0" encoding="UTF-8"?>
<robot generator="Robot 6.0.2 (Python 3.11.1 on win32)" generated="20230201 17:30:48.023" rpa="false" schemaversion="3">
<suite id="s1" name="amazon Tests" source="C:\Users\MarcusViniciusCarval\Desktop\testeRobot\CursodaUdemy\Robotframework\WebTesting\amazon_Tests.robot">
<test id="s1-t1" name="Caso de teste 01 - Acesso ao menu &quot;Eletrônicos&quot;" line="14">
<kw name="abrir navegador" library="amazon_Resources" type="SETUP">
<kw name="Open Browser" library="SeleniumLibrary">
<arg>browser=gc</arg>
<doc>Opens a new browser instance to the optional ``url``.</doc>
<msg timestamp="20230201 17:30:48.367" level="INFO">Opening browser 'gc' to base url 'None'.</msg>
<status status="PASS" starttime="20230201 17:30:48.367" endtime="20230201 17:30:50.074"/>
</kw>
<kw name="Maximize Browser Window" library="SeleniumLibrary">
<doc>Maximizes current browser window.</doc>
<status status="PASS" starttime="20230201 17:30:50.074" endtime="20230201 17:30:50.201"/>
</kw>
<status status="PASS" starttime="20230201 17:30:48.367" endtime="20230201 17:30:50.201"/>
</kw>
<kw name="Acessar a home page do site Amazon.com.br" library="amazon_Resources">
<kw name="Go To" library="SeleniumLibrary">
<arg>url= ${url_amazon}</arg>
<doc>Navigates the current browser window to the provided ``url``.</doc>
<msg timestamp="20230201 17:30:50.203" level="INFO">Opening url ' https://www.amazon.com.br/'</msg>
<status status="PASS" starttime="20230201 17:30:50.202" endtime="20230201 17:30:51.960"/>
</kw>
<kw name="Wait Until Element Is Visible" library="SeleniumLibrary">
<arg>locator=${amazon_eletronics}</arg>
<doc>Waits until the element ``locator`` is visible.</doc>
<status status="PASS" starttime="20230201 17:30:51.960" endtime="20230201 17:30:52.028"/>
</kw>
<status status="PASS" starttime="20230201 17:30:50.202" endtime="20230201 17:30:52.028"/>
</kw>
<kw name="Verificar se o título da página fica &quot;Amazon.com.br | Tudo pra você, de A a Z.&quot;" library="amazon_Resources" sourcename="Verificar se o título da página fica &quot;${TITULO}&quot;">
<kw name="Title Should Be" library="SeleniumLibrary">
<arg>title=${TITULO}</arg>
<doc>Verifies that the current page title equals ``title``.</doc>
<msg timestamp="20230201 17:30:52.036" level="INFO">Page title is 'Amazon.com.br | Tudo pra você, de A a Z.'.</msg>
<status status="PASS" starttime="20230201 17:30:52.029" endtime="20230201 17:30:52.036"/>
</kw>
<status status="PASS" starttime="20230201 17:30:52.028" endtime="20230201 17:30:52.036"/>
</kw>
<kw name=" Entrar no menu &quot;Eletrônicos&quot;" library="amazon_Resources">
<kw name="Click Element" library="SeleniumLibrary">
<arg>locator=${eletronics}</arg>
<doc>Click the element identified by ``locator``.</doc>
<msg timestamp="20230201 17:30:52.037" level="INFO">Clicking element '//a[contains(.,'Eletrônicos')]'.</msg>
<status status="PASS" starttime="20230201 17:30:52.037" endtime="20230201 17:30:52.877"/>
</kw>
<status status="PASS" starttime="20230201 17:30:52.037" endtime="20230201 17:30:52.878"/>
</kw>
<kw name="Verificar se aparece a frase &quot;Eletrônicos e Tecnologia&quot;" library="amazon_Resources" sourcename="Verificar se aparece a frase &quot;${FRASE}&quot;">
<kw name="Wait Until Page Contains" library="SeleniumLibrary">
<arg>text=${FRASE}</arg>
<doc>Waits until ``text`` appears on the current page.</doc>
<status status="PASS" starttime="20230201 17:30:52.879" endtime="20230201 17:30:53.145"/>
</kw>
<kw name="Wait Until Element Is Visible" library="SeleniumLibrary">
<arg>locator=${eletronics_header}</arg>
<doc>Waits until the element ``locator`` is visible.</doc>
<status status="PASS" starttime="20230201 17:30:53.146" endtime="20230201 17:30:53.738"/>
</kw>
<status status="PASS" starttime="20230201 17:30:52.879" endtime="20230201 17:30:53.739"/>
</kw>
<kw name="Verificar se o título da página fica &quot;Eletrônicos e Tecnologia | Amazon.com.br&quot;" library="amazon_Resources" sourcename="Verificar se o título da página fica &quot;${TITULO}&quot;">
<kw name="Title Should Be" library="SeleniumLibrary">
<arg>title=${TITULO}</arg>
<doc>Verifies that the current page title equals ``title``.</doc>
<msg timestamp="20230201 17:30:53.786" level="INFO">Page title is 'Eletrônicos e Tecnologia | Amazon.com.br'.</msg>
<status status="PASS" starttime="20230201 17:30:53.739" endtime="20230201 17:30:53.786"/>
</kw>
<status status="PASS" starttime="20230201 17:30:53.739" endtime="20230201 17:30:53.786"/>
</kw>
<kw name="Verificar se aparece a categoria &quot;Computadores e Informática&quot;" library="amazon_Resources" sourcename="Verificar se aparece a categoria &quot;${CATEGORIAS}&quot;">
<kw name="Element Should Be Visible" library="SeleniumLibrary">
<arg>locator=//img[contains(@alt,'${CATEGORIAS}')]</arg>
<doc>Verifies that the element identified by ``locator`` is visible.</doc>
<msg timestamp="20230201 17:30:54.016" level="INFO">Element '//img[contains(@alt,'Computadores e Informática')]' is displayed.</msg>
<status status="PASS" starttime="20230201 17:30:53.787" endtime="20230201 17:30:54.017"/>
</kw>
<status status="PASS" starttime="20230201 17:30:53.786" endtime="20230201 17:30:54.017"/>
</kw>
<kw name="Verificar se aparece a categoria &quot;Tablets&quot;" library="amazon_Resources" sourcename="Verificar se aparece a categoria &quot;${CATEGORIAS}&quot;">
<kw name="Element Should Be Visible" library="SeleniumLibrary">
<arg>locator=//img[contains(@alt,'${CATEGORIAS}')]</arg>
<doc>Verifies that the element identified by ``locator`` is visible.</doc>
<msg timestamp="20230201 17:30:54.220" level="INFO">Element '//img[contains(@alt,'Tablets')]' is displayed.</msg>
<status status="PASS" starttime="20230201 17:30:54.017" endtime="20230201 17:30:54.220"/>
</kw>
<status status="PASS" starttime="20230201 17:30:54.017" endtime="20230201 17:30:54.220"/>
</kw>
<kw name="fechar navegador" library="amazon_Resources" type="TEARDOWN">
<kw name="Close Browser" library="SeleniumLibrary">
<doc>Closes the current browser.</doc>
<status status="PASS" starttime="20230201 17:30:54.221" endtime="20230201 17:30:56.676"/>
</kw>
<status status="PASS" starttime="20230201 17:30:54.221" endtime="20230201 17:30:56.677"/>
</kw>
<doc>este teste vai realizar acesso ao menu na amazon</doc>
<tag>categorias</tag>
<tag>menus</tag>
<status status="PASS" starttime="20230201 17:30:48.366" endtime="20230201 17:30:56.679"/>
</test>
<test id="s1-t2" name="Caso de teste 02 - Pesquisa de um Produto" line="26">
<kw name="abrir navegador" library="amazon_Resources" type="SETUP">
<kw name="Open Browser" library="SeleniumLibrary">
<arg>browser=gc</arg>
<doc>Opens a new browser instance to the optional ``url``.</doc>
<msg timestamp="20230201 17:30:56.680" level="INFO">Opening browser 'gc' to base url 'None'.</msg>
<status status="PASS" starttime="20230201 17:30:56.680" endtime="20230201 17:30:58.313"/>
</kw>
<kw name="Maximize Browser Window" library="SeleniumLibrary">
<doc>Maximizes current browser window.</doc>
<status status="PASS" starttime="20230201 17:30:58.314" endtime="20230201 17:30:58.440"/>
</kw>
<status status="PASS" starttime="20230201 17:30:56.680" endtime="20230201 17:30:58.440"/>
</kw>
<kw name="Acessar a home page do site Amazon.com.br" library="amazon_Resources">
<kw name="Go To" library="SeleniumLibrary">
<arg>url= ${url_amazon}</arg>
<doc>Navigates the current browser window to the provided ``url``.</doc>
<msg timestamp="20230201 17:30:58.442" level="INFO">Opening url ' https://www.amazon.com.br/'</msg>
<status status="PASS" starttime="20230201 17:30:58.442" endtime="20230201 17:31:00.249"/>
</kw>
<kw name="Wait Until Element Is Visible" library="SeleniumLibrary">
<arg>locator=${amazon_eletronics}</arg>
<doc>Waits until the element ``locator`` is visible.</doc>
<status status="PASS" starttime="20230201 17:31:00.250" endtime="20230201 17:31:00.315"/>
</kw>
<status status="PASS" starttime="20230201 17:30:58.442" endtime="20230201 17:31:00.316"/>
</kw>
<kw name="Clicar na aba pesquisar" library="amazon_Resources">
<kw name="Wait Until Element Is Visible" library="SeleniumLibrary">
<arg>locator=${Search_bar}</arg>
<doc>Waits until the element ``locator`` is visible.</doc>
<status status="PASS" starttime="20230201 17:31:00.316" endtime="20230201 17:31:00.343"/>
</kw>
<status status="PASS" starttime="20230201 17:31:00.316" endtime="20230201 17:31:00.343"/>
</kw>
<kw name="Digitar o nome de produto &quot;Xbox Series S&quot; no campo de pesquisa" library="amazon_Resources" sourcename="Digitar o nome de produto &quot;${PRODUTO}&quot; no campo de pesquisa">
<kw name="Input Text" library="SeleniumLibrary">
<arg>locator=${Search_bar}</arg>
<arg>text=${PRODUTO}</arg>
<doc>Types the given ``text`` into the text field identified by ``locator``.</doc>
<msg timestamp="20230201 17:31:00.348" level="INFO">Typing text 'Xbox Series S' into text field '//input[contains(@type,'text')]'.</msg>
<status status="PASS" starttime="20230201 17:31:00.345" endtime="20230201 17:31:00.539"/>
</kw>
<status status="PASS" starttime="20230201 17:31:00.344" endtime="20230201 17:31:00.539"/>
</kw>
<kw name="Clicar no botão de pesquisa" library="amazon_Resources">
<kw name="Click Element" library="SeleniumLibrary">
<arg>locator=${Submit}</arg>
<doc>Click the element identified by ``locator``.</doc>
<msg timestamp="20230201 17:31:00.540" level="INFO">Clicking element '//input[contains(@type,'submit')]'.</msg>
<status status="PASS" starttime="20230201 17:31:00.540" endtime="20230201 17:31:00.695"/>
</kw>
<status status="PASS" starttime="20230201 17:31:00.539" endtime="20230201 17:31:00.695"/>
</kw>
<kw name="Verificar se estou na aba &quot;RESULTADOS&quot;" library="amazon_Resources" sourcename="Verificar se estou na aba &quot;${Resultados}&quot;">
<kw name="Wait Until Element Is Visible" library="SeleniumLibrary">
<arg>locator=//div[@tabindex='0'][contains(.,'${Resultados}')]</arg>
<doc>Waits until the element ``locator`` is visible.</doc>
<status status="PASS" starttime="20230201 17:31:00.697" endtime="20230201 17:31:01.469"/>
</kw>
<status status="PASS" starttime="20230201 17:31:00.696" endtime="20230201 17:31:01.469"/>
</kw>
<kw name="Verificar o resultado da pesquisa,listando o produto &quot;Xbox Series S&quot; pesquisado" library="amazon_Resources" sourcename="Verificar o resultado da pesquisa,listando o produto &quot;${PRODUTO_PESQUISADO}&quot; pesquisado">
<kw name="Page Should Contain" library="SeleniumLibrary">
<arg>text=${PRODUTO_PESQUISADO}</arg>
<doc>Verifies that current page contains ``text``.</doc>
<msg timestamp="20230201 17:31:01.522" level="INFO">Current page contains text 'Xbox Series S'.</msg>
<status status="PASS" starttime="20230201 17:31:01.471" endtime="20230201 17:31:01.522"/>
</kw>
<status status="PASS" starttime="20230201 17:31:01.471" endtime="20230201 17:31:01.522"/>
</kw>
<kw name="fechar navegador" library="amazon_Resources" type="TEARDOWN">
<kw name="Close Browser" library="SeleniumLibrary">
<doc>Closes the current browser.</doc>
<status status="PASS" starttime="20230201 17:31:01.523" endtime="20230201 17:31:04.041"/>
</kw>
<status status="PASS" starttime="20230201 17:31:01.522" endtime="20230201 17:31:04.041"/>
</kw>
<doc>este teste vai pesquisar um Xbox Series S na amazon</doc>
<tag>busca_produto</tag>
<tag>Lista_busca</tag>
<status status="PASS" starttime="20230201 17:30:56.679" endtime="20230201 17:31:04.042"/>
</test>
<doc>Aqui sera o inicio dos testes, entrada e saida dos navegadores</doc>
<status status="PASS" starttime="20230201 17:30:48.026" endtime="20230201 17:31:04.046"/>
</suite>
<statistics>
<total>
<stat pass="2" fail="0" skip="0">All Tests</stat>
</total>
<tag>
<stat pass="1" fail="0" skip="0">busca_produto</stat>
<stat pass="1" fail="0" skip="0">categorias</stat>
<stat pass="1" fail="0" skip="0">Lista_busca</stat>
<stat pass="1" fail="0" skip="0">menus</stat>
</tag>
<suite>
<stat pass="2" fail="0" skip="0" id="s1" name="amazon Tests">amazon Tests</stat>
</suite>
</statistics>
<errors>
</errors>
</robot>
