<?xml version="1.0" encoding="UTF-8"?>
<robot generator="Robot 6.0.2 (Python 3.11.1 on win32)" generated="20231205 13:31:54.235" rpa="false" schemaversion="3">
<suite id="s1" name="amazon Tests" source="C:\Users\MarcusViniciusCarval\Desktop\pdirobot\testeRobot\CursodaUdemy\Robotframework\WebTesting\amazon_Tests.robot">
<test id="s1-t1" name="Caso de Teste 05 - Testando o chromedriver" line="84">
<kw name="abrir navegador" library="amazon_Resources" type="SETUP">
<kw name="Open Browser" library="SeleniumLibrary">
<arg>browser=gc</arg>
<doc>Opens a new browser instance to the optional ``url``.</doc>
<msg timestamp="20231205 13:31:55.958" level="INFO">Opening browser 'gc' to base url 'None'.</msg>
<status status="PASS" starttime="20231205 13:31:55.958" endtime="20231205 13:32:00.087"/>
</kw>
<kw name="Maximize Browser Window" library="SeleniumLibrary">
<doc>Maximizes current browser window.</doc>
<status status="PASS" starttime="20231205 13:32:00.088" endtime="20231205 13:32:00.213"/>
</kw>
<status status="PASS" starttime="20231205 13:31:55.958" endtime="20231205 13:32:00.213"/>
</kw>
<kw name="Acessar a home page do site Amazon.com.br" library="amazon_Resources">
<kw name="Go To" library="SeleniumLibrary">
<arg>url= ${url_amazon}</arg>
<doc>Navigates the current browser window to the provided ``url``.</doc>
<msg timestamp="20231205 13:32:00.213" level="INFO">Opening url ' https://www.amazon.com.br/'</msg>
<status status="PASS" starttime="20231205 13:32:00.213" endtime="20231205 13:32:01.950"/>
</kw>
<kw name="Wait Until Element Is Visible" library="SeleniumLibrary">
<arg>locator=${menu_Livros}</arg>
<doc>Waits until the element ``locator`` is visible.</doc>
<status status="PASS" starttime="20231205 13:32:01.950" endtime="20231205 13:32:02.185"/>
</kw>
<status status="PASS" starttime="20231205 13:32:00.213" endtime="20231205 13:32:02.185"/>
</kw>
<kw name="fechar navegador" library="amazon_Resources" type="TEARDOWN">
<kw name="Close Browser" library="SeleniumLibrary">
<doc>Closes the current browser.</doc>
<status status="PASS" starttime="20231205 13:32:02.185" endtime="20231205 13:32:04.448"/>
</kw>
<status status="PASS" starttime="20231205 13:32:02.185" endtime="20231205 13:32:04.448"/>
</kw>
<doc>Esse teste verifica se o chromedriver ta funcionando, criado so pra não precisar rodar
todos os testes ou apagar linha</doc>
<tag>testeteste</tag>
<status status="PASS" starttime="20231205 13:31:55.958" endtime="20231205 13:32:04.449"/>
</test>
<doc>Aqui sera o inicio dos testes, entrada e saida dos navegadores</doc>
<status status="PASS" starttime="20231205 13:31:54.235" endtime="20231205 13:32:04.449"/>
</suite>
<statistics>
<total>
<stat pass="1" fail="0" skip="0">All Tests</stat>
</total>
<tag>
<stat pass="1" fail="0" skip="0">testeteste</stat>
</tag>
<suite>
<stat pass="1" fail="0" skip="0" id="s1" name="amazon Tests">amazon Tests</stat>
</suite>
</statistics>
<errors>
</errors>
</robot>
