<?xml version="1.0" encoding="UTF-8"?>
<robot generator="Robot 6.0.2 (Python 3.11.1 on win32)" generated="20231031 16:38:53.222" rpa="false" schemaversion="3">
<suite id="s1" name="amazon Tests" source="C:\Users\MarcusViniciusCarval\Desktop\pdirobot\testeRobot\CursodaUdemy\Robotframework\WebTesting\amazon_Tests.robot">
<test id="s1-t1" name="Caso de Teste 05 - Testando o chromedriver" line="72">
<kw name="abrir navegador" library="amazon_Resources" type="SETUP">
<kw name="Open Browser" library="SeleniumLibrary">
<arg>browser=gc</arg>
<doc>Opens a new browser instance to the optional ``url``.</doc>
<msg timestamp="20231031 16:38:53.644" level="INFO">Opening browser 'gc' to base url 'None'.</msg>
<msg timestamp="20231031 16:38:57.763" level="INFO">Cannot capture screenshot because no browser is open.</msg>
<msg timestamp="20231031 16:38:57.764" level="FAIL">SessionNotCreatedException: Message: session not created: This version of ChromeDriver only supports Chrome version 114
Current browser version is 118.0.5993.118 with binary path C:\Program Files\Google\Chrome\Application\chrome.exe
Stacktrace:
Backtrace:
	GetHandleVerifier [0x0054A813+48355]
	(No symbol) [0x004DC4B1]
	(No symbol) [0x003E5358]
	(No symbol) [0x004061AC]
	(No symbol) [0x00401EF3]
	(No symbol) [0x00400579]
	(No symbol) [0x00430C55]
	(No symbol) [0x0043093C]
	(No symbol) [0x0042A536]
	(No symbol) [0x004082DC]
	(No symbol) [0x004093DD]
	GetHandleVerifier [0x007AAABD+2539405]
	GetHandleVerifier [0x007EA78F+2800735]
	GetHandleVerifier [0x007E456C+2775612]
	GetHandleVerifier [0x005D51E0+616112]
	(No symbol) [0x004E5F8C]
	(No symbol) [0x004E2328]
	(No symbol) [0x004E240B]
	(No symbol) [0x004D4FF7]
	BaseThreadInitThunk [0x76077BA9+25]
	RtlInitializeExceptionChain [0x76F9BD3B+107]
	RtlClearBits [0x76F9BCBF+191]
</msg>
<status status="FAIL" starttime="20231031 16:38:53.643" endtime="20231031 16:38:57.779"/>
</kw>
<kw name="Maximize Browser Window" library="SeleniumLibrary">
<doc>Maximizes current browser window.</doc>
<status status="NOT RUN" starttime="20231031 16:38:57.780" endtime="20231031 16:38:57.780"/>
</kw>
<status status="FAIL" starttime="20231031 16:38:53.643" endtime="20231031 16:38:57.780"/>
</kw>
<kw name="fechar navegador" library="amazon_Resources" type="TEARDOWN">
<kw name="Close Browser" library="SeleniumLibrary">
<doc>Closes the current browser.</doc>
<status status="PASS" starttime="20231031 16:38:57.781" endtime="20231031 16:38:57.781"/>
</kw>
<status status="PASS" starttime="20231031 16:38:57.781" endtime="20231031 16:38:57.782"/>
</kw>
<doc>Esse teste verifica se o chromedriver ta funcionando, criado so pra não precisar rodar
todos os testes ou apagar linha</doc>
<tag>testeteste</tag>
<status status="FAIL" starttime="20231031 16:38:53.642" endtime="20231031 16:38:57.782">Setup failed:
SessionNotCreatedException: Message: session not created: This version of ChromeDriver only supports Chrome version 114
Current browser version is 118.0.5993.118 with binary path C:\Program Files\Google\Chrome\Application\chrome.exe
Stacktrace:
Backtrace:
	GetHandleVerifier [0x0054A813+48355]
	(No symbol) [0x004DC4B1]
	(No symbol) [0x003E5358]
	(No symbol) [0x004061AC]
	(No symbol) [0x00401EF3]
	(No symbol) [0x00400579]
	(No symbol) [0x00430C55]
	(No symbol) [0x0043093C]
	(No symbol) [0x0042A536]
	(No symbol) [0x004082DC]
	(No symbol) [0x004093DD]
	GetHandleVerifier [0x007AAABD+2539405]
	GetHandleVerifier [0x007EA78F+2800735]
	GetHandleVerifier [0x007E456C+2775612]
	GetHandleVerifier [0x005D51E0+616112]
	(No symbol) [0x004E5F8C]
	(No symbol) [0x004E2328]
	(No symbol) [0x004E240B]
	(No symbol) [0x004D4FF7]
	BaseThreadInitThunk [0x76077BA9+25]
	RtlInitializeExceptionChain [0x76F9BD3B+107]
	RtlClearBits [0x76F9BCBF+191]
</status>
</test>
<doc>Aqui sera o inicio dos testes, entrada e saida dos navegadores</doc>
<status status="FAIL" starttime="20231031 16:38:53.226" endtime="20231031 16:38:57.790"/>
</suite>
<statistics>
<total>
<stat pass="0" fail="1" skip="0">All Tests</stat>
</total>
<tag>
<stat pass="0" fail="1" skip="0">testeteste</stat>
</tag>
<suite>
<stat pass="0" fail="1" skip="0" id="s1" name="amazon Tests">amazon Tests</stat>
</suite>
</statistics>
<errors>
</errors>
</robot>
