<?xml version="1.0" encoding="UTF-8"?>
<robot generator="Robot 6.1.1 (Python 3.11.1 on win32)" generated="20240102 11:04:28.366" rpa="false" schemaversion="4">
<suite id="s1" name="Open application" source="c:\Users\MarcusViniciusCarval\Desktop\pdirobot\testeRobot\Robot+mobile\Tests\Open_application.robot">
<test id="s1-t1" name="Open_Application" line="16">
<kw name="Open Application" library="AppiumLibrary">
<arg>http://localhost:4723/wd/hub</arg>
<arg>automationName=${ANDROID_AUTOMATION_NAME}</arg>
<arg>platformName=${ANDROID_PLATFORM_NAME}</arg>
<arg>platformVersion=${ANDROID_PLATFORM_VERSION}</arg>
<arg>app=${ANDROID_APP}</arg>
<arg>appPackage=com.google.android.keep</arg>
<arg>appActivity=com.google.android.keep.activities.BrowseActivity</arg>
<doc>Opens a new application to given Appium server.
Capabilities of appium server, Android and iOS,
Please check https://github.com/appium/appium/blob/master/docs/en/writing-running-appium/server-args.md
| *Option*            | *Man.* | *Description*     |
| remote_url          | Yes    | Appium server url |
| alias               | no     | alias             |
| strict_ssl          | No     | allows you to send commands to an invalid certificate host like a self-signed one. |</doc>
<kw name="Capture Page Screenshot" library="AppiumLibrary">
<doc>Takes a screenshot of the current page and embeds it into the log.</doc>
<msg timestamp="20240102 11:04:31.007" level="FAIL">No application is open</msg>
<status status="FAIL" starttime="20240102 11:04:30.991" endtime="20240102 11:04:31.028"/>
</kw>
<msg timestamp="20240102 11:04:31.029" level="WARN">Keyword 'Capture Page Screenshot' could not be run on failure: No application is open</msg>
<msg timestamp="20240102 11:04:31.030" level="FAIL">WebDriverException: Message: An unknown server-side error occurred while processing the command. Original error: The application at '/data/app/com.google.android.keep-M4vdWzgQomEwG11EZJ1WJg/base.apk' does not exist or is not accessible
Stacktrace:
UnknownError: An unknown server-side error occurred while processing the command. Original error: The application at '/data/app/com.google.android.keep-M4vdWzgQomEwG11EZJ1WJg/base.apk' does not exist or is not accessible
    at getResponseForW3CError (C:\Users\MarcusViniciusCarval\AppData\Local\Programs\Appium Server GUI\resources\app\node_modules\appium\node_modules\appium-base-driver\lib\protocol\errors.js:804:9)
    at asyncHandler (C:\Users\MarcusViniciusCarval\AppData\Local\Programs\Appium Server GUI\resources\app\node_modules\appium\node_modules\appium-base-driver\lib\protocol\protocol.js:380:37)</msg>
<status status="FAIL" starttime="20240102 11:04:28.849" endtime="20240102 11:04:31.032"/>
</kw>
<status status="FAIL" starttime="20240102 11:04:28.848" endtime="20240102 11:04:31.033">WebDriverException: Message: An unknown server-side error occurred while processing the command. Original error: The application at '/data/app/com.google.android.keep-M4vdWzgQomEwG11EZJ1WJg/base.apk' does not exist or is not accessible
Stacktrace:
UnknownError: An unknown server-side error occurred while processing the command. Original error: The application at '/data/app/com.google.android.keep-M4vdWzgQomEwG11EZJ1WJg/base.apk' does not exist or is not accessible
    at getResponseForW3CError (C:\Users\MarcusViniciusCarval\AppData\Local\Programs\Appium Server GUI\resources\app\node_modules\appium\node_modules\appium-base-driver\lib\protocol\errors.js:804:9)
    at asyncHandler (C:\Users\MarcusViniciusCarval\AppData\Local\Programs\Appium Server GUI\resources\app\node_modules\appium\node_modules\appium-base-driver\lib\protocol\protocol.js:380:37)</status>
</test>
<status status="FAIL" starttime="20240102 11:04:28.381" endtime="20240102 11:04:31.037"/>
</suite>
<statistics>
<total>
<stat pass="0" fail="1" skip="0">All Tests</stat>
</total>
<tag>
</tag>
<suite>
<stat pass="0" fail="1" skip="0" id="s1" name="Open application">Open application</stat>
</suite>
</statistics>
<errors>
<msg timestamp="20240102 11:04:31.029" level="WARN">Keyword 'Capture Page Screenshot' could not be run on failure: No application is open</msg>
</errors>
</robot>
