<?xml version="1.0" encoding="UTF-8"?>
<robot generator="Robot 6.1.1 (Python 3.11.1 on win32)" generated="20231218 14:18:48.781" rpa="false" schemaversion="4">
<suite id="s1" name="diferenciandoFiles" source="C:\Users\MarcusViniciusCarval\Desktop\pdirobot\testeRobot\CursoUdemyRobotAvançado\seção 3 libraries Auxiliares\TarefaDifflibrary\diferenciandoFiles.robot">
<test id="s1-t1" name="case 01: preciso comparar esses dois arquivos file1.text e file2.text" line="16">
<kw name="compare o primeiro com o segundo arquivo">
<kw name="Diff Files" library="DiffLibrary">
<arg>${arquivo_1}</arg>
<arg>${arquivo_2}</arg>
<arg>fail=True</arg>
<doc>Diff two text files</doc>
<msg timestamp="20231218 14:18:48.828" level="INFO">file1: testeRobot/CursoUdemyRobotAvançado/seção 3 libraries Auxiliares/TarefaDifflibrary/arquivostexto/file1.txt</msg>
<msg timestamp="20231218 14:18:48.828" level="INFO">file2: testeRobot/CursoUdemyRobotAvançado/seção 3 libraries Auxiliares/TarefaDifflibrary/arquivostexto/file2.txt</msg>
<msg timestamp="20231218 14:18:48.828" level="FAIL">testeRobot/CursoUdemyRobotAvançado/seção 3 libraries Auxiliares/TarefaDifflibrary/arquivostexto/file1.txt doesn't exist</msg>
<status status="FAIL" starttime="20231218 14:18:48.828" endtime="20231218 14:18:48.828"/>
</kw>
<status status="FAIL" starttime="20231218 14:18:48.828" endtime="20231218 14:18:48.828"/>
</kw>
<status status="FAIL" starttime="20231218 14:18:48.828" endtime="20231218 14:18:48.828">testeRobot/CursoUdemyRobotAvançado/seção 3 libraries Auxiliares/TarefaDifflibrary/arquivostexto/file1.txt doesn't exist</status>
</test>
<test id="s1-t2" name="case 02: preciso comparar esses dois arquivos file2.text e file3.text" line="19">
<kw name="compare o segundo com o terceiro arquivo">
<kw name="Run Keyword And Ignore Error" library="BuiltIn">
<arg>Diff Files</arg>
<arg>${arquivo_2}</arg>
<arg>${arquivo_3}</arg>
<arg>fail=True</arg>
<doc>Runs the given keyword with the given arguments and ignores possible error.</doc>
<kw name="Diff Files" library="DiffLibrary">
<arg>${arquivo_2}</arg>
<arg>${arquivo_3}</arg>
<arg>fail=True</arg>
<doc>Diff two text files</doc>
<msg timestamp="20231218 14:18:48.844" level="INFO">file1: testeRobot/CursoUdemyRobotAvançado/seção 3 libraries Auxiliares/TarefaDifflibrary/arquivostexto/file2.txt</msg>
<msg timestamp="20231218 14:18:48.844" level="INFO">file2: testeRobot/CursoUdemyRobotAvançado/seção 3 libraries Auxiliares/TarefaDifflibrary/arquivostexto/file3.txt</msg>
<msg timestamp="20231218 14:18:48.844" level="FAIL">testeRobot/CursoUdemyRobotAvançado/seção 3 libraries Auxiliares/TarefaDifflibrary/arquivostexto/file2.txt doesn't exist</msg>
<status status="FAIL" starttime="20231218 14:18:48.844" endtime="20231218 14:18:48.844"/>
</kw>
<status status="PASS" starttime="20231218 14:18:48.844" endtime="20231218 14:18:48.844"/>
</kw>
<status status="PASS" starttime="20231218 14:18:48.844" endtime="20231218 14:18:48.844"/>
</kw>
<status status="PASS" starttime="20231218 14:18:48.844" endtime="20231218 14:18:48.844"/>
</test>
<test id="s1-t3" name="case 03: preciso comparar esses dois arquivos file1.text e file3.text" line="22">
<kw name="compare o primeiro com o terceiro arquivo">
<kw name="Run Keyword And Ignore Error" library="BuiltIn">
<arg>Diff Files</arg>
<arg>${arquivo_1}</arg>
<arg>${arquivo_3}</arg>
<arg>fail=True</arg>
<doc>Runs the given keyword with the given arguments and ignores possible error.</doc>
<kw name="Diff Files" library="DiffLibrary">
<arg>${arquivo_1}</arg>
<arg>${arquivo_3}</arg>
<arg>fail=True</arg>
<doc>Diff two text files</doc>
<msg timestamp="20231218 14:18:48.844" level="INFO">file1: testeRobot/CursoUdemyRobotAvançado/seção 3 libraries Auxiliares/TarefaDifflibrary/arquivostexto/file1.txt</msg>
<msg timestamp="20231218 14:18:48.844" level="INFO">file2: testeRobot/CursoUdemyRobotAvançado/seção 3 libraries Auxiliares/TarefaDifflibrary/arquivostexto/file3.txt</msg>
<msg timestamp="20231218 14:18:48.844" level="FAIL">testeRobot/CursoUdemyRobotAvançado/seção 3 libraries Auxiliares/TarefaDifflibrary/arquivostexto/file1.txt doesn't exist</msg>
<status status="FAIL" starttime="20231218 14:18:48.844" endtime="20231218 14:18:48.844"/>
</kw>
<status status="PASS" starttime="20231218 14:18:48.844" endtime="20231218 14:18:48.844"/>
</kw>
<status status="PASS" starttime="20231218 14:18:48.844" endtime="20231218 14:18:48.844"/>
</kw>
<status status="PASS" starttime="20231218 14:18:48.844" endtime="20231218 14:18:48.844"/>
</test>
<status status="FAIL" starttime="20231218 14:18:48.790" endtime="20231218 14:18:48.844"/>
</suite>
<statistics>
<total>
<stat pass="2" fail="1" skip="0">All Tests</stat>
</total>
<tag>
</tag>
<suite>
<stat pass="2" fail="1" skip="0" id="s1" name="diferenciandoFiles">diferenciandoFiles</stat>
</suite>
</statistics>
<errors>
</errors>
</robot>
