<?xml version="1.0" encoding="UTF-8"?>
<robot generator="Robot 6.1.1 (Python 3.11.1 on win32)" generated="20231213 10:13:05.064" rpa="false" schemaversion="4">
<suite id="s1" name="meuTeste" source="C:\Users\MarcusViniciusCarval\Desktop\pdirobot\testeRobot\Primeiro teste\ResourcesObject\meuTeste.robot">
<test id="s1-t1" name="Caso numero 01" line="6">
<kw name="Minha Primeira Key Word 01" library="primeiroTesteRobot">
<kw name="Log To Console" library="BuiltIn">
<arg>${/}opa,testei uma frase em robot</arg>
<doc>Logs the given message to the console.</doc>
<status status="PASS" starttime="20231213 10:13:05.111" endtime="20231213 10:13:05.111"/>
</kw>
<status status="PASS" starttime="20231213 10:13:05.111" endtime="20231213 10:13:05.111"/>
</kw>
<status status="PASS" starttime="20231213 10:13:05.111" endtime="20231213 10:13:05.111"/>
</test>
<test id="s1-t2" name="Caso numero 02" line="8">
<kw name="Minha Primeira Key Word 02" library="segundoTesteRobot">
<kw name="Should Be Equal As Integers" library="BuiltIn">
<arg>8</arg>
<arg>${8}</arg>
<arg>opa, você erro na conta, reveja os valores colocados</arg>
<arg>Boa,Acertou em cheio</arg>
<doc>Fails if objects are unequal after converting them to integers.</doc>
<msg timestamp="20231213 10:13:05.111" level="INFO">Argument types are:
&lt;class 'str'&gt;
&lt;class 'int'&gt;</msg>
<status status="PASS" starttime="20231213 10:13:05.111" endtime="20231213 10:13:05.111"/>
</kw>
<kw name="Log To Console" library="BuiltIn">
<arg>Resultado do teste é ${8}</arg>
<doc>Logs the given message to the console.</doc>
<status status="PASS" starttime="20231213 10:13:05.111" endtime="20231213 10:13:05.111"/>
</kw>
<status status="PASS" starttime="20231213 10:13:05.111" endtime="20231213 10:13:05.111"/>
</kw>
<status status="PASS" starttime="20231213 10:13:05.111" endtime="20231213 10:13:05.111"/>
</test>
<test id="s1-t3" name="Caso numero 03" line="10">
<kw name="Minha Primeira Key Word 03" library="primeiroTesteRobot">
<kw name="Log To Console" library="BuiltIn">
<arg>Paia</arg>
<doc>Logs the given message to the console.</doc>
<status status="PASS" starttime="20231213 10:13:05.111" endtime="20231213 10:13:05.111"/>
</kw>
<status status="PASS" starttime="20231213 10:13:05.111" endtime="20231213 10:13:05.111"/>
</kw>
<status status="PASS" starttime="20231213 10:13:05.111" endtime="20231213 10:13:05.111"/>
</test>
<status status="PASS" starttime="20231213 10:13:05.064" endtime="20231213 10:13:05.111"/>
</suite>
<statistics>
<total>
<stat pass="3" fail="0" skip="0">All Tests</stat>
</total>
<tag>
</tag>
<suite>
<stat pass="3" fail="0" skip="0" id="s1" name="meuTeste">meuTeste</stat>
</suite>
</statistics>
<errors>
</errors>
</robot>
