<?xml version="1.0" encoding="UTF-8"?>
<robot generator="Robot 6.0.2 (Python 3.11.1 on win32)" generated="20230613 15:55:04.545" rpa="false" schemaversion="3">
<suite id="s1" name="MeuExemplo" source="C:\Users\MarcusViniciusCarval\Desktop\pdirobot\testeRobot\CursodaUdemy\Robotframework\ExemplosEstruturas\MeuExemplo.robot">
<test id="s1-t1" name="Cenario 01 - percorrendo os numeros com FOR e IF" line="11">
<kw name="percorrendo os numeros">
<for flavor="IN">
<var>${num}</var>
<value>@{numeros}</value>
<iter>
<var name="${num}">1</var>
<if>
<branch type="IF" condition="${num}%5 == 0">
<kw name="Log" library="BuiltIn">
<arg>Eu sou o número ${num}!</arg>
<doc>Logs the given message with the given level.</doc>
<status status="NOT RUN" starttime="20230613 15:55:04.587" endtime="20230613 15:55:04.587"/>
</kw>
<status status="NOT RUN" starttime="20230613 15:55:04.587" endtime="20230613 15:55:04.587"/>
</branch>
<branch type="ELSE IF" condition="${num}%5 != 0">
<kw name="Log" library="BuiltIn">
<arg>"Eu não sou o número 5 e nem o 10!"</arg>
<doc>Logs the given message with the given level.</doc>
<msg timestamp="20230613 15:55:04.587" level="INFO">"Eu não sou o número 5 e nem o 10!"</msg>
<status status="PASS" starttime="20230613 15:55:04.587" endtime="20230613 15:55:04.587"/>
</kw>
<status status="PASS" starttime="20230613 15:55:04.587" endtime="20230613 15:55:04.587"/>
</branch>
<status status="PASS" starttime="20230613 15:55:04.587" endtime="20230613 15:55:04.587"/>
</if>
<status status="PASS" starttime="20230613 15:55:04.586" endtime="20230613 15:55:04.587"/>
</iter>
<iter>
<var name="${num}">2</var>
<if>
<branch type="IF" condition="${num}%5 == 0">
<kw name="Log" library="BuiltIn">
<arg>Eu sou o número ${num}!</arg>
<doc>Logs the given message with the given level.</doc>
<status status="NOT RUN" starttime="20230613 15:55:04.588" endtime="20230613 15:55:04.588"/>
</kw>
<status status="NOT RUN" starttime="20230613 15:55:04.587" endtime="20230613 15:55:04.588"/>
</branch>
<branch type="ELSE IF" condition="${num}%5 != 0">
<kw name="Log" library="BuiltIn">
<arg>"Eu não sou o número 5 e nem o 10!"</arg>
<doc>Logs the given message with the given level.</doc>
<msg timestamp="20230613 15:55:04.588" level="INFO">"Eu não sou o número 5 e nem o 10!"</msg>
<status status="PASS" starttime="20230613 15:55:04.588" endtime="20230613 15:55:04.588"/>
</kw>
<status status="PASS" starttime="20230613 15:55:04.588" endtime="20230613 15:55:04.588"/>
</branch>
<status status="PASS" starttime="20230613 15:55:04.587" endtime="20230613 15:55:04.588"/>
</if>
<status status="PASS" starttime="20230613 15:55:04.587" endtime="20230613 15:55:04.588"/>
</iter>
<iter>
<var name="${num}">3</var>
<if>
<branch type="IF" condition="${num}%5 == 0">
<kw name="Log" library="BuiltIn">
<arg>Eu sou o número ${num}!</arg>
<doc>Logs the given message with the given level.</doc>
<status status="NOT RUN" starttime="20230613 15:55:04.588" endtime="20230613 15:55:04.588"/>
</kw>
<status status="NOT RUN" starttime="20230613 15:55:04.588" endtime="20230613 15:55:04.588"/>
</branch>
<branch type="ELSE IF" condition="${num}%5 != 0">
<kw name="Log" library="BuiltIn">
<arg>"Eu não sou o número 5 e nem o 10!"</arg>
<doc>Logs the given message with the given level.</doc>
<msg timestamp="20230613 15:55:04.589" level="INFO">"Eu não sou o número 5 e nem o 10!"</msg>
<status status="PASS" starttime="20230613 15:55:04.589" endtime="20230613 15:55:04.589"/>
</kw>
<status status="PASS" starttime="20230613 15:55:04.589" endtime="20230613 15:55:04.589"/>
</branch>
<status status="PASS" starttime="20230613 15:55:04.588" endtime="20230613 15:55:04.589"/>
</if>
<status status="PASS" starttime="20230613 15:55:04.588" endtime="20230613 15:55:04.589"/>
</iter>
<iter>
<var name="${num}">4</var>
<if>
<branch type="IF" condition="${num}%5 == 0">
<kw name="Log" library="BuiltIn">
<arg>Eu sou o número ${num}!</arg>
<doc>Logs the given message with the given level.</doc>
<status status="NOT RUN" starttime="20230613 15:55:04.589" endtime="20230613 15:55:04.589"/>
</kw>
<status status="NOT RUN" starttime="20230613 15:55:04.589" endtime="20230613 15:55:04.589"/>
</branch>
<branch type="ELSE IF" condition="${num}%5 != 0">
<kw name="Log" library="BuiltIn">
<arg>"Eu não sou o número 5 e nem o 10!"</arg>
<doc>Logs the given message with the given level.</doc>
<msg timestamp="20230613 15:55:04.590" level="INFO">"Eu não sou o número 5 e nem o 10!"</msg>
<status status="PASS" starttime="20230613 15:55:04.590" endtime="20230613 15:55:04.590"/>
</kw>
<status status="PASS" starttime="20230613 15:55:04.589" endtime="20230613 15:55:04.590"/>
</branch>
<status status="PASS" starttime="20230613 15:55:04.589" endtime="20230613 15:55:04.590"/>
</if>
<status status="PASS" starttime="20230613 15:55:04.589" endtime="20230613 15:55:04.590"/>
</iter>
<iter>
<var name="${num}">5</var>
<if>
<branch type="IF" condition="${num}%5 == 0">
<kw name="Log" library="BuiltIn">
<arg>Eu sou o número ${num}!</arg>
<doc>Logs the given message with the given level.</doc>
<msg timestamp="20230613 15:55:04.590" level="INFO">Eu sou o número 5!</msg>
<status status="PASS" starttime="20230613 15:55:04.590" endtime="20230613 15:55:04.590"/>
</kw>
<status status="PASS" starttime="20230613 15:55:04.590" endtime="20230613 15:55:04.590"/>
</branch>
<branch type="ELSE IF" condition="${num}%5 != 0">
<kw name="Log" library="BuiltIn">
<arg>"Eu não sou o número 5 e nem o 10!"</arg>
<doc>Logs the given message with the given level.</doc>
<status status="NOT RUN" starttime="20230613 15:55:04.590" endtime="20230613 15:55:04.590"/>
</kw>
<status status="NOT RUN" starttime="20230613 15:55:04.590" endtime="20230613 15:55:04.590"/>
</branch>
<status status="PASS" starttime="20230613 15:55:04.590" endtime="20230613 15:55:04.590"/>
</if>
<status status="PASS" starttime="20230613 15:55:04.590" endtime="20230613 15:55:04.590"/>
</iter>
<iter>
<var name="${num}">6</var>
<if>
<branch type="IF" condition="${num}%5 == 0">
<kw name="Log" library="BuiltIn">
<arg>Eu sou o número ${num}!</arg>
<doc>Logs the given message with the given level.</doc>
<status status="NOT RUN" starttime="20230613 15:55:04.590" endtime="20230613 15:55:04.590"/>
</kw>
<status status="NOT RUN" starttime="20230613 15:55:04.590" endtime="20230613 15:55:04.591"/>
</branch>
<branch type="ELSE IF" condition="${num}%5 != 0">
<kw name="Log" library="BuiltIn">
<arg>"Eu não sou o número 5 e nem o 10!"</arg>
<doc>Logs the given message with the given level.</doc>
<msg timestamp="20230613 15:55:04.591" level="INFO">"Eu não sou o número 5 e nem o 10!"</msg>
<status status="PASS" starttime="20230613 15:55:04.591" endtime="20230613 15:55:04.591"/>
</kw>
<status status="PASS" starttime="20230613 15:55:04.591" endtime="20230613 15:55:04.591"/>
</branch>
<status status="PASS" starttime="20230613 15:55:04.590" endtime="20230613 15:55:04.591"/>
</if>
<status status="PASS" starttime="20230613 15:55:04.590" endtime="20230613 15:55:04.591"/>
</iter>
<iter>
<var name="${num}">7</var>
<if>
<branch type="IF" condition="${num}%5 == 0">
<kw name="Log" library="BuiltIn">
<arg>Eu sou o número ${num}!</arg>
<doc>Logs the given message with the given level.</doc>
<status status="NOT RUN" starttime="20230613 15:55:04.591" endtime="20230613 15:55:04.591"/>
</kw>
<status status="NOT RUN" starttime="20230613 15:55:04.591" endtime="20230613 15:55:04.591"/>
</branch>
<branch type="ELSE IF" condition="${num}%5 != 0">
<kw name="Log" library="BuiltIn">
<arg>"Eu não sou o número 5 e nem o 10!"</arg>
<doc>Logs the given message with the given level.</doc>
<msg timestamp="20230613 15:55:04.591" level="INFO">"Eu não sou o número 5 e nem o 10!"</msg>
<status status="PASS" starttime="20230613 15:55:04.591" endtime="20230613 15:55:04.591"/>
</kw>
<status status="PASS" starttime="20230613 15:55:04.591" endtime="20230613 15:55:04.591"/>
</branch>
<status status="PASS" starttime="20230613 15:55:04.591" endtime="20230613 15:55:04.591"/>
</if>
<status status="PASS" starttime="20230613 15:55:04.591" endtime="20230613 15:55:04.591"/>
</iter>
<iter>
<var name="${num}">8</var>
<if>
<branch type="IF" condition="${num}%5 == 0">
<kw name="Log" library="BuiltIn">
<arg>Eu sou o número ${num}!</arg>
<doc>Logs the given message with the given level.</doc>
<status status="NOT RUN" starttime="20230613 15:55:04.591" endtime="20230613 15:55:04.591"/>
</kw>
<status status="NOT RUN" starttime="20230613 15:55:04.591" endtime="20230613 15:55:04.591"/>
</branch>
<branch type="ELSE IF" condition="${num}%5 != 0">
<kw name="Log" library="BuiltIn">
<arg>"Eu não sou o número 5 e nem o 10!"</arg>
<doc>Logs the given message with the given level.</doc>
<msg timestamp="20230613 15:55:04.591" level="INFO">"Eu não sou o número 5 e nem o 10!"</msg>
<status status="PASS" starttime="20230613 15:55:04.591" endtime="20230613 15:55:04.591"/>
</kw>
<status status="PASS" starttime="20230613 15:55:04.591" endtime="20230613 15:55:04.591"/>
</branch>
<status status="PASS" starttime="20230613 15:55:04.591" endtime="20230613 15:55:04.591"/>
</if>
<status status="PASS" starttime="20230613 15:55:04.591" endtime="20230613 15:55:04.591"/>
</iter>
<iter>
<var name="${num}">9</var>
<if>
<branch type="IF" condition="${num}%5 == 0">
<kw name="Log" library="BuiltIn">
<arg>Eu sou o número ${num}!</arg>
<doc>Logs the given message with the given level.</doc>
<status status="NOT RUN" starttime="20230613 15:55:04.593" endtime="20230613 15:55:04.593"/>
</kw>
<status status="NOT RUN" starttime="20230613 15:55:04.593" endtime="20230613 15:55:04.593"/>
</branch>
<branch type="ELSE IF" condition="${num}%5 != 0">
<kw name="Log" library="BuiltIn">
<arg>"Eu não sou o número 5 e nem o 10!"</arg>
<doc>Logs the given message with the given level.</doc>
<msg timestamp="20230613 15:55:04.593" level="INFO">"Eu não sou o número 5 e nem o 10!"</msg>
<status status="PASS" starttime="20230613 15:55:04.593" endtime="20230613 15:55:04.593"/>
</kw>
<status status="PASS" starttime="20230613 15:55:04.593" endtime="20230613 15:55:04.593"/>
</branch>
<status status="PASS" starttime="20230613 15:55:04.593" endtime="20230613 15:55:04.593"/>
</if>
<status status="PASS" starttime="20230613 15:55:04.593" endtime="20230613 15:55:04.593"/>
</iter>
<iter>
<var name="${num}">10</var>
<if>
<branch type="IF" condition="${num}%5 == 0">
<kw name="Log" library="BuiltIn">
<arg>Eu sou o número ${num}!</arg>
<doc>Logs the given message with the given level.</doc>
<msg timestamp="20230613 15:55:04.593" level="INFO">Eu sou o número 10!</msg>
<status status="PASS" starttime="20230613 15:55:04.593" endtime="20230613 15:55:04.593"/>
</kw>
<status status="PASS" starttime="20230613 15:55:04.593" endtime="20230613 15:55:04.593"/>
</branch>
<branch type="ELSE IF" condition="${num}%5 != 0">
<kw name="Log" library="BuiltIn">
<arg>"Eu não sou o número 5 e nem o 10!"</arg>
<doc>Logs the given message with the given level.</doc>
<status status="NOT RUN" starttime="20230613 15:55:04.593" endtime="20230613 15:55:04.593"/>
</kw>
<status status="NOT RUN" starttime="20230613 15:55:04.593" endtime="20230613 15:55:04.593"/>
</branch>
<status status="PASS" starttime="20230613 15:55:04.593" endtime="20230613 15:55:04.593"/>
</if>
<status status="PASS" starttime="20230613 15:55:04.593" endtime="20230613 15:55:04.593"/>
</iter>
<status status="PASS" starttime="20230613 15:55:04.586" endtime="20230613 15:55:04.593"/>
</for>
<status status="PASS" starttime="20230613 15:55:04.586" endtime="20230613 15:55:04.594"/>
</kw>
<status status="PASS" starttime="20230613 15:55:04.585" endtime="20230613 15:55:04.594"/>
</test>
<status status="PASS" starttime="20230613 15:55:04.549" endtime="20230613 15:55:04.596"/>
</suite>
<statistics>
<total>
<stat pass="1" fail="0" skip="0">All Tests</stat>
</total>
<tag>
</tag>
<suite>
<stat pass="1" fail="0" skip="0" id="s1" name="MeuExemplo">MeuExemplo</stat>
</suite>
</statistics>
<errors>
</errors>
</robot>
